Adding local address: 192.168.1.53
Adding local address: fe80::a00:27ff:fe91:e405
Ethernet link detected

Refreshing:
unknown TCP/0/0	0	0

Refreshing:
sshd: vm1@pts/6/2882/1000	0.0539063	0.0257812
unknown TCP/0/0	0	0

Refreshing:
sshd: vm1@pts/6/2882/1000	0.0769531	0.0601562
unknown TCP/0/0	0	0

Refreshing:
sshd: vm1@pts/6/2882/1000	0.153906	0.163281
unknown TCP/0/0	0	0

Refreshing:
sshd: vm1@pts/6/2882/1000	0.267578	0.328906
unknown TCP/0/0	0	0

Refreshing:
sshd: vm1@pts/6/2882/1000	0.341016	0.5
unknown TCP/0/0	0	0

Refreshing:
sshd: vm1@pts/6/2882/1000	0.402344	0.578516
unknown TCP/0/0	0	0

Refreshing:
sshd: vm1@pts/6/2882/1000	0.864453	0.889063
unknown TCP/0/0	0	0

Refreshing:
sshd: vm1@pts/6/2882/1000	0.847656	0.811719
unknown TCP/0/0	0	0

Refreshing:
sshd: vm1@pts/6/2882/1000	0.80625	0.723047
unknown TCP/0/0	0	0

Refreshing:
sshd: vm1@pts/6/2882/1000	0.722656	0.487891
unknown TCP/0/0	0	0

Refreshing:
sshd: vm1@pts/6/2882/1000	0.750391	0.522266
unknown TCP/0/0	0	0

Refreshing:
sshd: vm1@pts/6/2882/1000	2.625	0.434766
unknown TCP/0/0	0	0

Refreshing:
sshd: vm1@pts/6/2882/1000	2.625	0.434766
unknown TCP/0/0	0	0

Refreshing:
sshd: vm1@pts/6/2882/1000	2.625	0.434766
unknown TCP/0/0	0	0

Refreshing:
sshd: vm1@pts/6/2882/1000	2.43672	0.314453
unknown TCP/0/0	0	0

Refreshing:
sshd: vm1@pts/6/2882/1000	0.346484	0.288672
unknown TCP/0/0	0	0

Refreshing:
sshd: vm1@pts/6/2882/1000	0.51875	0.458594
unknown TCP/0/0	0	0

Refreshing:
sshd: vm1@pts/6/2882/1000	0.743359	0.7125
unknown TCP/0/0	0	0

Refreshing:
sshd: vm1@pts/6/2882/1000	0.783203	0.778125
unknown TCP/0/0	0	0

Refreshing:
sshd: vm1@pts/6/2882/1000	0.591797	0.700781
unknown TCP/0/0	0	0

Refreshing:
sshd: vm1@pts/6/2882/1000	0.611719	0.713672
unknown TCP/0/0	0	0

Refreshing:
sshd: vm1@pts/6/2882/1000	0.439453	0.54375
unknown TCP/0/0	0	0

Refreshing:
sshd: vm1@pts/6/2882/1000	0.244141	0.321094
unknown TCP/0/0	0	0

Refreshing:
sshd: vm1@pts/6/2882/1000	0.370313	0.425391
unknown TCP/0/0	0	0

Refreshing:
sshd: vm1@pts/6/2882/1000	0.458203	0.483984
unknown TCP/0/0	0	0

Refreshing:
sshd: vm1@pts/6/2882/1000	0.458203	0.483984
unknown TCP/0/0	0	0

Refreshing:
sshd: vm1@pts/6/2882/1000	0.458203	0.483984
unknown TCP/0/0	0	0

Refreshing:
sshd: vm1@pts/6/2882/1000	0.458203	0.483984
unknown TCP/0/0	0	0

Refreshing:
sshd: vm1@pts/6/2882/1000	0.458203	0.483984
unknown TCP/0/0	0	0

Refreshing:
sshd: vm1@pts/6/2882/1000	0.458203	0.483984
unknown TCP/0/0	0	0

Refreshing:
sshd: vm1@pts/6/2882/1000	0.458203	0.483984
unknown TCP/0/0	0	0

Refreshing:
sshd: vm1@pts/6/2882/1000	0.458203	0.483984
unknown TCP/0/0	0	0

Refreshing:
sshd: vm1@pts/6/2882/1000	0.458203	0.483984
unknown TCP/0/0	0	0

Refreshing:
sshd: vm1@pts/6/2882/1000	0.458203	0.483984
unknown TCP/0/0	0	0

Refreshing:
sshd: vm1@pts/6/2882/1000	0.458203	0.483984
unknown TCP/0/0	0	0

Refreshing:
sshd: vm1@pts/6/2882/1000	0.458203	0.483984
unknown TCP/0/0	0	0

Refreshing:
sshd: vm1@pts/6/2882/1000	0.0398437	0.065625
unknown TCP/0/0	0	0

Refreshing:
sshd: vm1@pts/6/2882/1000	0.141016	0.229687
unknown TCP/0/0	0	0

Refreshing:
sshd: vm1@pts/6/2882/1000	0.891016	0.458203
unknown TCP/0/0	0	0

Refreshing:
sshd: vm1@pts/6/2882/1000	0.891016	0.458203
unknown TCP/0/0	0	0

Refreshing:
sshd: vm1@pts/6/2882/1000	0.891016	0.458203
unknown TCP/0/0	0	0

Refreshing:
sshd: vm1@pts/6/2882/1000	0.891016	0.458203
unknown TCP/0/0	0	0

Refreshing:
sshd: vm1@pts/6/2882/1000	0.891016	0.458203
unknown TCP/0/0	0	0

Refreshing:
sshd: vm1@pts/6/2882/1000	0.891016	0.458203
unknown TCP/0/0	0	0

Refreshing:
sshd: vm1@pts/6/2882/1000	0.891016	0.458203
unknown TCP/0/0	0	0

Refreshing:
sshd: vm1@pts/6/2882/1000	0.0785156	0.0847656
unknown TCP/0/0	0	0

Refreshing:
sshd: vm1@pts/6/2882/1000	0.492969	0.364844
unknown TCP/0/0	0	0

Refreshing:
sshd: vm1@pts/6/2882/1000	0.492969	0.364844
unknown TCP/0/0	0	0

Refreshing:
sshd: vm1@pts/6/2882/1000	0.778125	0.511328
unknown TCP/0/0	0	0

Refreshing:
sshd: vm1@pts/6/2882/1000	0.855078	0.569922
unknown TCP/0/0	0	0

Refreshing:
sshd: vm1@pts/6/2882/1000	0.723437	0.489844
unknown TCP/0/0	0	0

Refreshing:
sshd: vm1@pts/6/2882/1000	1.41289	0.652344
unknown TCP/0/0	0	0

Refreshing:
sshd: vm1@pts/6/2882/1000	2.27695	1.09023
unknown TCP/0/0	0	0

Refreshing:
sshd: vm1@pts/6/2882/1000	3.72695	1.77773
unknown TCP/0/0	0	0

Refreshing:
sshd: vm1@pts/6/2882/1000	3.72695	1.77773
unknown TCP/0/0	0	0

Refreshing:
sshd: vm1@pts/6/2882/1000	3.72695	1.77773
unknown TCP/0/0	0	0

Refreshing:
sshd: vm1@pts/6/2882/1000	3.72695	1.77773
unknown TCP/0/0	0	0

Refreshing:
sshd: vm1@pts/6/2882/1000	3.72695	1.77773
unknown TCP/0/0	0	0

Refreshing:
sshd: vm1@pts/6/2882/1000	3.72695	1.77773
unknown TCP/0/0	0	0

Refreshing:
sshd: vm1@pts/6/2882/1000	0.127734	0.124219
unknown TCP/0/0	0	0

Refreshing:
sshd: vm1@pts/6/2882/1000	0.275	0.208594
unknown TCP/0/0	0	0

Refreshing:
sshd: vm1@pts/6/2882/1000	0.275	0.208594
unknown TCP/0/0	0	0

Refreshing:
sshd: vm1@pts/6/2882/1000	0.275	0.208594
unknown TCP/0/0	0	0

Refreshing:
sshd: vm1@pts/6/2882/1000	0.275	0.208594
unknown TCP/0/0	0	0

Refreshing:
sshd: vm1@pts/6/2882/1000	0.275	0.208594
unknown TCP/0/0	0	0

Refreshing:
sshd: vm1@pts/6/2882/1000	0.275	0.208594
unknown TCP/0/0	0	0

Refreshing:
sshd: vm1@pts/6/2882/1000	0.275	0.208594
unknown TCP/0/0	0	0

Refreshing:
sshd: vm1@pts/6/2882/1000	0.275	0.208594
unknown TCP/0/0	0	0
Adding local address: 192.168.1.53
Adding local address: fe80::a00:27ff:fe91:e405
Ethernet link detected

Refreshing:
unknown TCP/0/0	0	0

Refreshing:
sshd: vm1@pts/6/2882/1000	0.0539063	0.0257812
unknown TCP/0/0	0	0

Refreshing:
sshd: vm1@pts/6/2882/1000	0.107813	0.0945313
unknown TCP/0/0	0	0

Refreshing:
sshd: vm1@pts/6/2882/1000	0.198437	0.232031
unknown TCP/0/0	0	0

Refreshing:
sshd: vm1@pts/6/2882/1000	0.315625	0.369531
unknown TCP/0/0	0	0

Refreshing:
sshd: vm1@pts/6/2882/1000	0.417188	0.507031
unknown TCP/0/0	0	0

Refreshing:
sshd: vm1@pts/6/2882/1000	0.473828	0.653125
unknown TCP/0/0	0	0

Refreshing:
sshd: vm1@pts/6/2882/1000	0.515234	0.721875
unknown TCP/0/0	0	0

Refreshing:
sshd: vm1@pts/6/2882/1000	0.619922	0.859375
unknown TCP/0/0	0	0

Refreshing:
sshd: vm1@pts/6/2882/1000	0.617188	0.758984
unknown TCP/0/0	0	0

Refreshing:
sshd: vm1@pts/6/2882/1000	0.617188	0.758984
unknown TCP/0/0	0	0

Refreshing:
sshd: vm1@pts/6/2882/1000	0.617188	0.758984
unknown TCP/0/0	0	0

Refreshing:
sshd: vm1@pts/6/2882/1000	0.617188	0.758984
unknown TCP/0/0	0	0

Refreshing:
sshd: vm1@pts/6/2882/1000	0.617188	0.758984
unknown TCP/0/0	0	0

Refreshing:
sshd: vm1@pts/6/2882/1000	0.0398437	0.065625
unknown TCP/0/0	0	0

Refreshing:
sshd: vm1@pts/6/2882/1000	0.157031	0.137109
unknown TCP/0/0	0	0

Refreshing:
sshd: vm1@pts/6/2882/1000	0.157031	0.137109
unknown TCP/0/0	0	0

Refreshing:
sshd: vm1@pts/6/2882/1000	0.256641	0.301172
unknown TCP/0/0	0	0

Refreshing:
sshd: vm1@pts/6/2882/1000	0.336328	0.432422
unknown TCP/0/0	0	0

Refreshing:
sshd: vm1@pts/6/2882/1000	0.547266	0.575391
unknown TCP/0/0	0	0

Refreshing:
sshd: vm1@pts/6/2882/1000	0.725781	0.631641
unknown TCP/0/0	0	0

Refreshing:
sshd: vm1@pts/6/2882/1000	0.902344	0.734766
unknown TCP/0/0	0	0

Refreshing:
sshd: vm1@pts/6/2882/1000	1.18945	0.822656
unknown TCP/0/0	0	0

Refreshing:
sshd: vm1@pts/6/2882/1000	1.45664	0.877734
unknown TCP/0/0	0	0

Refreshing:
sshd: vm1@pts/6/2882/1000	1.6125	0.953906
unknown TCP/0/0	0	0

Refreshing:
sshd: vm1@pts/6/2882/1000	1.64375	0.979688
unknown TCP/0/0	0	0

Refreshing:
sshd: vm1@pts/6/2882/1000	1.82109	1.08281
unknown TCP/0/0	0	0

Refreshing:
sshd: vm1@pts/6/2882/1000	1.83398	1.0957
unknown TCP/0/0	0	0

Refreshing:
sshd: vm1@pts/6/2882/1000	1.85977	1.12148
unknown TCP/0/0	0	0

Refreshing:
sshd: vm1@pts/6/2882/1000	1.8082	1.06992
unknown TCP/0/0	0	0

Refreshing:
sshd: vm1@pts/6/2882/1000	1.71797	0.979688
unknown TCP/0/0	0	0

Refreshing:
sshd: vm1@pts/6/2882/1000	1.71797	0.979688
unknown TCP/0/0	0	0

Refreshing:
sshd: vm1@pts/6/2882/1000	1.70508	0.966797
unknown TCP/0/0	0	0

Refreshing:
sshd: vm1@pts/6/2882/1000	1.66641	0.928125
unknown TCP/0/0	0	0

Refreshing:
sshd: vm1@pts/6/2882/1000	1.9582	1.14141
unknown TCP/0/0	0	0

Refreshing:
sshd: vm1@pts/6/2882/1000	2.02617	1.16719
unknown TCP/0/0	0	0

Refreshing:
sshd: vm1@pts/6/2882/1000	1.38398	0.844922
unknown TCP/0/0	0	0

Refreshing:
sshd: vm1@pts/6/2882/1000	1.43008	0.913672
unknown TCP/0/0	0	0

Refreshing:
sshd: vm1@pts/6/2882/1000	1.43008	0.913672
unknown TCP/0/0	0	0

Refreshing:
sshd: vm1@pts/6/2882/1000	1.43008	0.913672
unknown TCP/0/0	0	0

Refreshing:
sshd: vm1@pts/6/2882/1000	1.43008	0.913672
unknown TCP/0/0	0	0

Refreshing:
sshd: vm1@pts/6/2882/1000	1.43008	0.913672
unknown TCP/0/0	0	0

Refreshing:
sshd: vm1@pts/6/2882/1000	1.43008	0.913672
unknown TCP/0/0	0	0

Refreshing:
sshd: vm1@pts/6/2882/1000	1.43008	0.913672
unknown TCP/0/0	0	0

Refreshing:
sshd: vm1@pts/6/2882/1000	0.0261719	0.0214844
unknown TCP/0/0	0	0

Refreshing:
sshd: vm1@pts/6/2882/1000	0.0722656	0.103125
unknown TCP/0/0	0	0

Refreshing:
sshd: vm1@pts/6/2882/1000	0.0722656	0.103125
unknown TCP/0/0	0	0

Refreshing:
sshd: vm1@pts/6/2882/1000	0.0722656	0.103125
/usr/lib/snapd/snapd/960/0	0.0144531	0
unknown TCP/0/0	0	0

Refreshing:
/usr/lib/snapd/snapd/960/0	1.33008	4.23496
sshd: vm1@pts/6/2882/1000	0.124609	0.171875
unknown TCP/0/0	0	0

Refreshing:
/usr/lib/snapd/snapd/960/0	1.33008	4.23496
sshd: vm1@pts/6/2882/1000	0.124609	0.171875
unknown TCP/0/0	0	0

Refreshing:
/usr/lib/snapd/snapd/960/0	1.33008	4.23496
sshd: vm1@pts/6/2882/1000	0.0769531	0.103125
unknown TCP/0/0	0	0

Refreshing:
/usr/lib/snapd/snapd/960/0	1.33008	4.23496
sshd: vm1@pts/6/2882/1000	0.0769531	0.103125
unknown TCP/0/0	0	0

Refreshing:
/usr/lib/snapd/snapd/960/0	1.33008	4.23496
sshd: vm1@pts/6/2882/1000	0.0769531	0.103125
unknown TCP/0/0	0	0

Refreshing:
sshd: vm1@pts/6/2882/1000	0.0585938	0.06875
/usr/lib/snapd/snapd/960/0	0.0447266	0.0552734
unknown TCP/0/0	0	0

Refreshing:
sshd: vm1@pts/6/2882/1000	2.35039	0.404687
/usr/lib/snapd/snapd/960/0	0.0447266	0.0552734
unknown TCP/0/0	0	0

Refreshing:
sshd: vm1@pts/6/2882/1000	2.40898	0.451953
/usr/lib/snapd/snapd/960/0	0.0447266	0.0552734
unknown TCP/0/0	0	0

Refreshing:
sshd: vm1@pts/6/2882/1000	2.43984	0.464844
/usr/lib/snapd/snapd/960/0	0.0447266	0.0552734
unknown TCP/0/0	0	0

Refreshing:
sshd: vm1@pts/6/2882/1000	2.49375	0.512109
/usr/lib/snapd/snapd/960/0	0.0447266	0.0552734
unknown TCP/0/0	0	0

Refreshing:
sshd: vm1@pts/6/2882/1000	2.60156	0.606641
/usr/lib/snapd/snapd/960/0	0	0
unknown TCP/0/0	0	0

Refreshing:
sshd: vm1@pts/6/2882/1000	0.271094	0.236328
/usr/lib/snapd/snapd/960/0	0	0
unknown TCP/0/0	0	0

Refreshing:
sshd: vm1@pts/6/2882/1000	0.428125	0.378125
/usr/lib/snapd/snapd/960/0	0	0
unknown TCP/0/0	0	0

Refreshing:
sshd: vm1@pts/6/2882/1000	0.874219	0.6875
/usr/lib/snapd/snapd/960/0	0	0
unknown TCP/0/0	0	0

Refreshing:
sshd: vm1@pts/6/2882/1000	0.698828	0.518359
/usr/lib/snapd/snapd/960/0	0	0
unknown TCP/0/0	0	0

Refreshing:
sshd: vm1@pts/6/2882/1000	0.754297	0.596875
/usr/lib/snapd/snapd/960/0	0	0
unknown TCP/0/0	0	0

Refreshing:
sshd: vm1@pts/6/2882/1000	1.11797	0.957031
/usr/lib/snapd/snapd/960/0	0	0
unknown TCP/0/0	0	0

Refreshing:
sshd: vm1@pts/6/2882/1000	0.76875	0.684375
/usr/lib/snapd/snapd/960/0	0	0
unknown TCP/0/0	0	0

Refreshing:
sshd: vm1@pts/6/2882/1000	0.851953	0.782812
/usr/lib/snapd/snapd/960/0	0	0
unknown TCP/0/0	0	0

Refreshing:
sshd: vm1@pts/6/2882/1000	1.64219	1.36055
/usr/lib/snapd/snapd/960/0	0	0
unknown TCP/0/0	0	0

Refreshing:
sshd: vm1@pts/6/2882/1000	1.91602	1.6043
/usr/lib/snapd/snapd/960/0	0	0
unknown TCP/0/0	0	0

Refreshing:
sshd: vm1@pts/6/2882/1000	1.42578	1.08555
/usr/lib/snapd/snapd/960/0	0	0
unknown TCP/0/0	0	0

Refreshing:
sshd: vm1@pts/6/2882/1000	1.38398	1.08867
/usr/lib/snapd/snapd/960/0	0	0
unknown TCP/0/0	0	0

Refreshing:
sshd: vm1@pts/6/2882/1000	1.41641	1.12305
/usr/lib/snapd/snapd/960/0	0	0
unknown TCP/0/0	0	0

Refreshing:
sshd: vm1@pts/6/2882/1000	1.41641	1.12305
/usr/lib/snapd/snapd/960/0	0	0
unknown TCP/0/0	0	0

Refreshing:
sshd: vm1@pts/6/2882/1000	1.41641	1.12305
/usr/lib/snapd/snapd/960/0	0	0
unknown TCP/0/0	0	0

Refreshing:
sshd: vm1@pts/6/2882/1000	0.0878906	0.101562
/usr/lib/snapd/snapd/960/0	0	0
unknown TCP/0/0	0	0

Refreshing:
sshd: vm1@pts/6/2882/1000	0.0878906	0.101562
/usr/lib/snapd/snapd/960/0	0	0
unknown TCP/0/0	0	0

Refreshing:
sshd: vm1@pts/6/2882/1000	0.197266	0.229687
/usr/lib/snapd/snapd/960/0	0	0
unknown TCP/0/0	0	0

Refreshing:
sshd: vm1@pts/6/2882/1000	0.334375	0.39375
/usr/lib/snapd/snapd/960/0	0	0
unknown TCP/0/0	0	0

Refreshing:
sshd: vm1@pts/6/2882/1000	0.414453	0.492188
/usr/lib/snapd/snapd/960/0	0	0
unknown TCP/0/0	0	0

Refreshing:
sshd: vm1@pts/6/2882/1000	0.492969	0.590625
/usr/lib/snapd/snapd/960/0	0	0
unknown TCP/0/0	0	0

Refreshing:
sshd: vm1@pts/6/2882/1000	0.377344	0.459375
/usr/lib/snapd/snapd/960/0	0	0
unknown TCP/0/0	0	0

Refreshing:
sshd: vm1@pts/6/2882/1000	0.325	0.39375
/usr/lib/snapd/snapd/960/0	0	0
unknown TCP/0/0	0	0

Refreshing:
sshd: vm1@pts/6/2882/1000	0.380469	0.459375
/usr/lib/snapd/snapd/960/0	0	0
unknown TCP/0/0	0	0

Refreshing:
sshd: vm1@pts/6/2882/1000	0.435937	0.526563
/usr/lib/snapd/snapd/960/0	0	0
unknown TCP/0/0	0	0

Refreshing:
sshd: vm1@pts/6/2882/1000	0.454688	0.526563
/usr/lib/snapd/snapd/960/0	0	0
unknown TCP/0/0	0	0

Refreshing:
sshd: vm1@pts/6/2882/1000	0.454688	0.526563
/usr/lib/snapd/snapd/960/0	0	0
unknown TCP/0/0	0	0

Refreshing:
sshd: vm1@pts/6/2882/1000	0.388281	0.441016
/usr/lib/snapd/snapd/960/0	0	0
unknown TCP/0/0	0	0

Refreshing:
sshd: vm1@pts/6/2882/1000	0.676562	0.562891
/usr/lib/snapd/snapd/960/0	0	0
unknown TCP/0/0	0	0

Refreshing:
sshd: vm1@pts/6/2882/1000	0.676562	0.562891
/usr/lib/snapd/snapd/960/0	0	0
unknown TCP/0/0	0	0

Refreshing:
sshd: vm1@pts/6/2882/1000	0.511328	0.397266
/usr/lib/snapd/snapd/960/0	0	0
unknown TCP/0/0	0	0

Refreshing:
sshd: vm1@pts/6/2882/1000	0.563281	0.515625
/usr/lib/snapd/snapd/960/0	0	0
unknown TCP/0/0	0	0

Refreshing:
sshd: vm1@pts/6/2882/1000	0.159375	0.2625
/usr/lib/snapd/snapd/960/0	0	0
unknown TCP/0/0	0	0

Refreshing:
sshd: vm1@pts/6/2882/1000	0.262109	0.406641
/usr/lib/snapd/snapd/960/0	0	0
unknown TCP/0/0	0	0

Refreshing:
sshd: vm1@pts/6/2882/1000	0.301953	0.472266
/usr/lib/snapd/snapd/960/0	0	0
unknown TCP/0/0	0	0

Refreshing:
sshd: vm1@pts/6/2882/1000	0.323438	0.505078
/usr/lib/snapd/snapd/960/0	0	0
unknown TCP/0/0	0	0

Refreshing:
sshd: vm1@pts/6/2882/1000	0.358984	0.432422
/usr/lib/snapd/snapd/960/0	0	0
unknown TCP/0/0	0	0

Refreshing:
sshd: vm1@pts/6/2882/1000	0.358984	0.432422
/usr/lib/snapd/snapd/960/0	0	0
unknown TCP/0/0	0	0

Refreshing:
sshd: vm1@pts/6/2882/1000	0.277734	0.301172
/usr/lib/snapd/snapd/960/0	0	0
unknown TCP/0/0	0	0

Refreshing:
sshd: vm1@pts/6/2882/1000	0.219531	0.222656
/usr/lib/snapd/snapd/960/0	0	0
unknown TCP/0/0	0	0

Refreshing:
sshd: vm1@pts/6/2882/1000	1.25781	0.352734
/usr/lib/snapd/snapd/960/0	0	0
unknown TCP/0/0	0	0

Refreshing:
sshd: vm1@pts/6/2882/1000	1.25781	0.352734
/usr/lib/snapd/snapd/960/0	0	0
unknown TCP/0/0	0	0

Refreshing:
sshd: vm1@pts/6/2882/1000	1.25781	0.352734
/usr/lib/snapd/snapd/960/0	0	0
unknown TCP/0/0	0	0

Refreshing:
sshd: vm1@pts/6/2882/1000	1.25781	0.352734
/usr/lib/snapd/snapd/960/0	0	0
unknown TCP/0/0	0	0

Refreshing:
sshd: vm1@pts/6/2882/1000	1.25781	0.352734
/usr/lib/snapd/snapd/960/0	0	0
unknown TCP/0/0	0	0

Refreshing:
sshd: vm1@pts/6/2882/1000	1.25781	0.352734
/usr/lib/snapd/snapd/960/0	0	0
unknown TCP/0/0	0	0

Refreshing:
sshd: vm1@pts/6/2882/1000	1.25781	0.352734
/usr/lib/snapd/snapd/960/0	0	0
unknown TCP/0/0	0	0

Refreshing:
sshd: vm1@pts/6/2882/1000	1.25781	0.352734
/usr/lib/snapd/snapd/960/0	0	0
unknown TCP/0/0	0	0

Refreshing:
sshd: vm1@pts/6/2882/1000	0.0585938	0.0671875
/usr/lib/snapd/snapd/960/0	0	0
unknown TCP/0/0	0	0

Refreshing:
sshd: vm1@pts/6/2882/1000	0.308203	0.242969
unknown TCP/0/0	0	0

Refreshing:
sshd: vm1@pts/6/2882/1000	0.389844	0.344531
unknown TCP/0/0	0	0

Refreshing:
sshd: vm1@pts/6/2882/1000	2.87031	0.653516
unknown TCP/0/0	0	0

Refreshing:
sshd: vm1@pts/6/2882/1000	2.97813	0.746484
unknown TCP/0/0	0	0

Refreshing:
sshd: vm1@pts/6/2882/1000	3.12695	0.925781
unknown TCP/0/0	0	0

Refreshing:
sshd: vm1@pts/6/2882/1000	3.11719	0.989453
unknown TCP/0/0	0	0

Refreshing:
sshd: vm1@pts/6/2882/1000	3.20234	1.04922
unknown TCP/0/0	0	0

Refreshing:
sshd: vm1@pts/6/2882/1000	0.667969	0.717578
unknown TCP/0/0	0	0

Refreshing:
sshd: vm1@pts/6/2882/1000	1.20117	1.08867
unknown TCP/0/0	0	0

Refreshing:
sshd: vm1@pts/6/2882/1000	1.37695	1.22695
unknown TCP/0/0	0	0

Refreshing:
sshd: vm1@pts/6/2882/1000	1.36875	1.27188
unknown TCP/0/0	0	0

Refreshing:
sshd: vm1@pts/6/2882/1000	1.42109	1.34063
unknown TCP/0/0	0	0

Refreshing:
sshd: vm1@pts/6/2882/1000	0.746875	0.780469
unknown TCP/0/0	0	0

Refreshing:
sshd: vm1@pts/6/2882/1000	1.21094	1.09687
unknown TCP/0/0	0	0

Refreshing:
sshd: vm1@pts/6/2882/1000	0.903906	0.788281
unknown TCP/0/0	0	0

Refreshing:
sshd: vm1@pts/6/2882/1000	0.936719	0.783594
unknown TCP/0/0	0	0

Refreshing:
sshd: vm1@pts/6/2882/1000	1.08516	0.914844
unknown TCP/0/0	0	0

Refreshing:
sshd: vm1@pts/6/2882/1000	0.604297	0.583984
unknown TCP/0/0	0	0

Refreshing:
sshd: vm1@pts/6/2882/1000	0.949219	0.867578
unknown TCP/0/0	0	0

Refreshing:
sshd: vm1@pts/6/2882/1000	0.949219	0.867578
unknown TCP/0/0	0	0

Refreshing:
sshd: vm1@pts/6/2882/1000	0.949219	0.867578
unknown TCP/0/0	0	0

Refreshing:
sshd: vm1@pts/6/2882/1000	0.949219	0.867578
unknown TCP/0/0	0	0

Refreshing:
sshd: vm1@pts/6/2882/1000	0.0429688	0.06875
unknown TCP/0/0	0	0
Adding local address: 192.168.1.53
Adding local address: fe80::a00:27ff:fe91:e405
Ethernet link detected

Refreshing:
unknown TCP/0/0	0	0

Refreshing:
sshd: vm1@pts/6/2882/1000	0.0539063	0.0257812
unknown TCP/0/0	0	0

Refreshing:
sshd: vm1@pts/6/2882/1000	0.15	0.0773437
unknown TCP/0/0	0	0

Refreshing:
sshd: vm1@pts/6/2882/1000	0.199219	0.103125
unknown TCP/0/0	0	0

Refreshing:
sshd: vm1@pts/6/2882/1000	0.248437	0.128906
unknown TCP/0/0	0	0

Refreshing:
sshd: vm1@pts/6/2882/1000	0.297656	0.154687
unknown TCP/0/0	0	0

Refreshing:
sshd: vm1@pts/6/2882/1000	0.292969	0.154687
unknown TCP/0/0	0	0

Refreshing:
sshd: vm1@pts/6/2882/1000	0.33125	0.180469
unknown TCP/0/0	0	0

Refreshing:
sshd: vm1@pts/6/2882/1000	0.403516	0.219141
unknown TCP/0/0	0	0

Refreshing:
sshd: vm1@pts/6/2882/1000	0.501562	0.283594
unknown TCP/0/0	0	0

Refreshing:
sshd: vm1@pts/6/2882/1000	0.586719	0.335156
unknown TCP/0/0	0	0

Refreshing:
sshd: vm1@pts/6/2882/1000	0.671875	0.386719
unknown TCP/0/0	0	0

Refreshing:
sshd: vm1@pts/6/2882/1000	0.684766	0.399609
unknown TCP/0/0	0	0

Refreshing:
sshd: vm1@pts/6/2882/1000	0.697656	0.4125
unknown TCP/0/0	0	0

Refreshing:
sshd: vm1@pts/6/2882/1000	0.684766	0.399609
unknown TCP/0/0	0	0

Refreshing:
sshd: vm1@pts/6/2882/1000	0.684766	0.399609
unknown TCP/0/0	0	0

Refreshing:
sshd: vm1@pts/6/2882/1000	0.684766	0.399609
unknown TCP/0/0	0	0

Refreshing:
sshd: vm1@pts/6/2882/1000	0.646094	0.360938
unknown TCP/0/0	0	0

Refreshing:
sshd: vm1@pts/6/2882/1000	0.646094	0.360938
unknown TCP/0/0	0	0

Refreshing:
sshd: vm1@pts/6/2882/1000	1.08359	0.574219
unknown TCP/0/0	0	0

Refreshing:
sshd: vm1@pts/6/2882/1000	1.08359	0.574219
unknown TCP/0/0	0	0

Refreshing:
sshd: vm1@pts/6/2882/1000	1.08359	0.574219
unknown TCP/0/0	0	0
Adding local address: 192.168.1.53
Adding local address: fe80::a00:27ff:fe91:e405
Ethernet link detected

Refreshing:
unknown TCP/0/0	0	0

Refreshing:
sshd: vm1@pts/6/2882/1000	0.0539063	0.0257812
unknown TCP/0/0	0	0
Adding local address: 192.168.1.53
Adding local address: fe80::a00:27ff:fe91:e405
Ethernet link detected

Refreshing:
unknown TCP/0/0	0	0

Refreshing:
sshd: vm1@pts/6/2882/1000	0.582812	0.299219
unknown TCP/0/0	0	0

Refreshing:
sshd: vm1@pts/6/2882/1000	0.7375	0.417969
unknown TCP/0/0	0	0

Refreshing:
sshd: vm1@pts/6/2882/1000	0.817969	0.469531
unknown TCP/0/0	0	0

Refreshing:
sshd: vm1@pts/6/2882/1000	0.26875	0.154687
unknown TCP/0/0	0	0

Refreshing:
sshd: vm1@pts/6/2882/1000	0.26875	0.154687
unknown TCP/0/0	0	0

Refreshing:
sshd: vm1@pts/6/2882/1000	0.26875	0.154687
unknown TCP/0/0	0	0

Refreshing:
sshd: vm1@pts/6/2882/1000	0.26875	0.154687
unknown TCP/0/0	0	0

Refreshing:
sshd: vm1@pts/6/2882/1000	0.26875	0.154687
unknown TCP/0/0	0	0

Refreshing:
sshd: vm1@pts/6/2882/1000	0.26875	0.154687
unknown TCP/0/0	0	0

Refreshing:
sshd: vm1@pts/6/2882/1000	0.26875	0.154687
unknown TCP/0/0	0	0

Refreshing:
sshd: vm1@pts/6/2882/1000	0.853516	0.471094
unknown TCP/0/0	0	0

Refreshing:
sshd: vm1@pts/6/2882/1000	0.745313	0.428125
unknown TCP/0/0	0	0

Refreshing:
sshd: vm1@pts/6/2882/1000	0.649609	0.385156
unknown TCP/0/0	0	0

Refreshing:
sshd: vm1@pts/6/2882/1000	0.123438	0.1375
unknown TCP/0/0	0	0
Adding local address: 192.168.1.53
Adding local address: fe80::a00:27ff:fe91:e405
Ethernet link detected

Refreshing:
unknown TCP/0/0	0	0

Refreshing:
sshd: vm1@pts/6/2882/1000	0.173047	0.11875
unknown TCP/0/0	0	0

Refreshing:
sshd: vm1@pts/6/2882/1000	0.355859	0.234766
unknown TCP/0/0	0	0

Refreshing:
sshd: vm1@pts/6/2882/1000	0.490234	0.312109
unknown TCP/0/0	0	0

Refreshing:
sshd: vm1@pts/6/2882/1000	0.26875	0.154687
unknown TCP/0/0	0	0

Refreshing:
sshd: vm1@pts/6/2882/1000	0.26875	0.154687
unknown TCP/0/0	0	0

Refreshing:
sshd: vm1@pts/6/2882/1000	0.26875	0.154687
unknown TCP/0/0	0	0

Refreshing:
sshd: vm1@pts/6/2882/1000	0.26875	0.154687
unknown TCP/0/0	0	0

Refreshing:
sshd: vm1@pts/6/2882/1000	0.403125	0.232031
unknown TCP/0/0	0	0

Refreshing:
sshd: vm1@pts/6/2882/1000	0.403125	0.232031
unknown TCP/0/0	0	0

Refreshing:
sshd: vm1@pts/6/2882/1000	0.403125	0.232031
unknown TCP/0/0	0	0

Refreshing:
sshd: vm1@pts/6/2882/1000	0.403125	0.232031
unknown TCP/0/0	0	0

Refreshing:
sshd: vm1@pts/6/2882/1000	0.26875	0.154687
unknown TCP/0/0	0	0

Refreshing:
sshd: vm1@pts/6/2882/1000	0.281641	0.167578
unknown TCP/0/0	0	0

Refreshing:
sshd: vm1@pts/6/2882/1000	0.255859	0.141797
unknown TCP/0/0	0	0

Refreshing:
sshd: vm1@pts/6/2882/1000	0.242969	0.128906
unknown TCP/0/0	0	0

Refreshing:
sshd: vm1@pts/6/2882/1000	0.26875	0.154687
unknown TCP/0/0	0	0

Refreshing:
sshd: vm1@pts/6/2882/1000	0.26875	0.154687
unknown TCP/0/0	0	0

Refreshing:
sshd: vm1@pts/6/2882/1000	0.26875	0.154687
unknown TCP/0/0	0	0

Refreshing:
sshd: vm1@pts/6/2882/1000	0.403125	0.232031
unknown TCP/0/0	0	0

Refreshing:
sshd: vm1@pts/6/2882/1000	0.26875	0.154687
unknown TCP/0/0	0	0

Refreshing:
sshd: vm1@pts/6/2882/1000	0.26875	0.154687
unknown TCP/0/0	0	0

Refreshing:
sshd: vm1@pts/6/2882/1000	0.377344	0.20625
unknown TCP/0/0	0	0

Refreshing:
sshd: vm1@pts/6/2882/1000	0.364453	0.193359
unknown TCP/0/0	0	0

Refreshing:
sshd: vm1@pts/6/2882/1000	0.255859	0.141797
unknown TCP/0/0	0	0

Refreshing:
sshd: vm1@pts/6/2882/1000	0.26875	0.154687
unknown TCP/0/0	0	0

Refreshing:
sshd: vm1@pts/6/2882/1000	0.26875	0.154687
unknown TCP/0/0	0	0

Refreshing:
sshd: vm1@pts/6/2882/1000	0.403125	0.232031
unknown TCP/0/0	0	0

Refreshing:
sshd: vm1@pts/6/2882/1000	0.364453	0.193359
unknown TCP/0/0	0	0

Refreshing:
sshd: vm1@pts/6/2882/1000	0.242969	0.128906
unknown TCP/0/0	0	0

Refreshing:
sshd: vm1@pts/6/2882/1000	0.281641	0.167578
unknown TCP/0/0	0	0

Refreshing:
sshd: vm1@pts/6/2882/1000	0.281641	0.174609
unknown TCP/0/0	0	0

Refreshing:
sshd: vm1@pts/6/2882/1000	0.281641	0.174609
unknown TCP/0/0	0	0

Refreshing:
sshd: vm1@pts/6/2882/1000	0.281641	0.174609
unknown TCP/0/0	0	0

Refreshing:
sshd: vm1@pts/6/2882/1000	0.403125	0.232031
unknown TCP/0/0	0	0

Refreshing:
sshd: vm1@pts/6/2882/1000	1.00078	0.548437
unknown TCP/0/0	0	0

Refreshing:
sshd: vm1@pts/6/2882/1000	1.00078	0.548437
unknown TCP/0/0	0	0

Refreshing:
sshd: vm1@pts/6/2882/1000	1.00078	0.548437
unknown TCP/0/0	0	0

Refreshing:
sshd: vm1@pts/6/2882/1000	1.00078	0.548437
unknown TCP/0/0	0	0

Refreshing:
sshd: vm1@pts/6/2882/1000	1.00078	0.548437
unknown TCP/0/0	0	0

Refreshing:
sshd: vm1@pts/6/2882/1000	1.00078	0.548437
unknown TCP/0/0	0	0

Refreshing:
sshd: vm1@pts/6/2882/1000	1.00078	0.548437
unknown TCP/0/0	0	0

Refreshing:
sshd: vm1@pts/6/2882/1000	1.00078	0.548437
unknown TCP/0/0	0	0

Refreshing:
sshd: vm1@pts/6/2882/1000	1.00078	0.548437
unknown TCP/0/0	0	0

Refreshing:
sshd: vm1@pts/6/2882/1000	1.00078	0.548437
unknown TCP/0/0	0	0

Refreshing:
sshd: vm1@pts/6/2882/1000	1.00078	0.548437
unknown TCP/0/0	0	0

Refreshing:
sshd: vm1@pts/6/2882/1000	1.00078	0.548437
unknown TCP/0/0	0	0

Refreshing:
sshd: vm1@pts/6/2882/1000	1.00078	0.548437
unknown TCP/0/0	0	0

Refreshing:
sshd: vm1@pts/6/2882/1000	1.00078	0.548437
unknown TCP/0/0	0	0

Refreshing:
sshd: vm1@pts/6/2882/1000	1.00078	0.548437
unknown TCP/0/0	0	0

Refreshing:
sshd: vm1@pts/6/2882/1000	1.00078	0.548437
unknown TCP/0/0	0	0

Refreshing:
sshd: vm1@pts/6/2882/1000	1.00078	0.548437
unknown TCP/0/0	0	0

Refreshing:
sshd: vm1@pts/6/2882/1000	1.00078	0.548437
unknown TCP/0/0	0	0

Refreshing:
sshd: vm1@pts/6/2882/1000	1.00078	0.548437
unknown TCP/0/0	0	0

Refreshing:
sshd: vm1@pts/6/2882/1000	1.00078	0.548437
unknown TCP/0/0	0	0

Refreshing:
sshd: vm1@pts/6/2882/1000	1.00078	0.548437
unknown TCP/0/0	0	0

Refreshing:
sshd: vm1@pts/6/2882/1000	1.00078	0.548437
unknown TCP/0/0	0	0

Refreshing:
sshd: vm1@pts/6/2882/1000	1.00078	0.548437
unknown TCP/0/0	0	0

Refreshing:
sshd: vm1@pts/6/2882/1000	1.00078	0.548437
unknown TCP/0/0	0	0

Refreshing:
sshd: vm1@pts/6/2882/1000	1.00078	0.548437
unknown TCP/0/0	0	0

Refreshing:
sshd: vm1@pts/6/2882/1000	1.00078	0.548437
unknown TCP/0/0	0	0

Refreshing:
sshd: vm1@pts/6/2882/1000	1.00078	0.548437
unknown TCP/0/0	0	0

Refreshing:
sshd: vm1@pts/6/2882/1000	1.00078	0.548437
unknown TCP/0/0	0	0

Refreshing:
sshd: vm1@pts/6/2882/1000	1.00078	0.548437
unknown TCP/0/0	0	0

Refreshing:
sshd: vm1@pts/6/2882/1000	1.00078	0.548437
unknown TCP/0/0	0	0

Refreshing:
sshd: vm1@pts/6/2882/1000	1.00078	0.548437
unknown TCP/0/0	0	0

Refreshing:
sshd: vm1@pts/6/2882/1000	1.00078	0.548437
unknown TCP/0/0	0	0

Refreshing:
sshd: vm1@pts/6/2882/1000	1.00078	0.548437
unknown TCP/0/0	0	0

Refreshing:
sshd: vm1@pts/6/2882/1000	1.00078	0.548437
unknown TCP/0/0	0	0

Refreshing:
sshd: vm1@pts/6/2882/1000	1.00078	0.548437
unknown TCP/0/0	0	0

Refreshing:
sshd: vm1@pts/6/2882/1000	1.00078	0.548437
unknown TCP/0/0	0	0

Refreshing:
sshd: vm1@pts/6/2882/1000	1.00078	0.548437
unknown TCP/0/0	0	0

Refreshing:
sshd: vm1@pts/6/2882/1000	1.00078	0.548437
unknown TCP/0/0	0	0

Refreshing:
sshd: vm1@pts/6/2882/1000	1.00078	0.548437
unknown TCP/0/0	0	0

Refreshing:
sshd: vm1@pts/6/2882/1000	1.00078	0.548437
unknown TCP/0/0	0	0

Refreshing:
sshd: vm1@pts/6/2882/1000	1.00078	0.548437
unknown TCP/0/0	0	0

Refreshing:
sshd: vm1@pts/6/2882/1000	1.00078	0.548437
unknown TCP/0/0	0	0

Refreshing:
sshd: vm1@pts/6/2882/1000	1.00078	0.548437
unknown TCP/0/0	0	0

Refreshing:
sshd: vm1@pts/6/2882/1000	1.00078	0.548437
unknown TCP/0/0	0	0

Refreshing:
sshd: vm1@pts/6/2882/1000	1.00078	0.548437
unknown TCP/0/0	0	0

Refreshing:
sshd: vm1@pts/6/2882/1000	1.00078	0.548437
unknown TCP/0/0	0	0

Refreshing:
sshd: vm1@pts/6/2882/1000	1.00078	0.548437
unknown TCP/0/0	0	0

Refreshing:
sshd: vm1@pts/6/2882/1000	1.00078	0.548437
unknown TCP/0/0	0	0

Refreshing:
sshd: vm1@pts/6/2882/1000	1.00078	0.548437
unknown TCP/0/0	0	0

Refreshing:
sshd: vm1@pts/6/2882/1000	1.00078	0.548437
unknown TCP/0/0	0	0

Refreshing:
sshd: vm1@pts/6/2882/1000	1.00078	0.548437
unknown TCP/0/0	0	0

Refreshing:
sshd: vm1@pts/6/2882/1000	1.00078	0.548437
unknown TCP/0/0	0	0

Refreshing:
sshd: vm1@pts/6/2882/1000	1.00078	0.548437
unknown TCP/0/0	0	0

Refreshing:
sshd: vm1@pts/6/2882/1000	1.00078	0.548437
unknown TCP/0/0	0	0

Refreshing:
sshd: vm1@pts/6/2882/1000	1.00078	0.548437
unknown TCP/0/0	0	0

Refreshing:
sshd: vm1@pts/6/2882/1000	1.00078	0.548437
unknown TCP/0/0	0	0

Refreshing:
sshd: vm1@pts/6/2882/1000	1.00078	0.548437
unknown TCP/0/0	0	0

Refreshing:
sshd: vm1@pts/6/2882/1000	1.00078	0.548437
unknown TCP/0/0	0	0

Refreshing:
sshd: vm1@pts/6/2882/1000	1.00078	0.548437
unknown TCP/0/0	0	0

Refreshing:
sshd: vm1@pts/6/2882/1000	1.00078	0.548437
unknown TCP/0/0	0	0

Refreshing:
sshd: vm1@pts/6/2882/1000	1.00078	0.548437
unknown TCP/0/0	0	0

Refreshing:
sshd: vm1@pts/6/2882/1000	1.00078	0.548437
unknown TCP/0/0	0	0

Refreshing:
sshd: vm1@pts/6/2882/1000	1.00078	0.548437
unknown TCP/0/0	0	0

Refreshing:
sshd: vm1@pts/6/2882/1000	1.00078	0.548437
unknown TCP/0/0	0	0

Refreshing:
sshd: vm1@pts/6/2882/1000	1.00078	0.548437
unknown TCP/0/0	0	0

Refreshing:
sshd: vm1@pts/6/2882/1000	1.00078	0.548437
unknown TCP/0/0	0	0

Refreshing:
sshd: vm1@pts/6/2882/1000	1.00078	0.548437
unknown TCP/0/0	0	0

Refreshing:
sshd: vm1@pts/6/2882/1000	1.00078	0.548437
unknown TCP/0/0	0	0

Refreshing:
sshd: vm1@pts/6/2882/1000	1.00078	0.548437
unknown TCP/0/0	0	0

Refreshing:
sshd: vm1@pts/6/2882/1000	1.00078	0.548437
unknown TCP/0/0	0	0

Refreshing:
sshd: vm1@pts/6/2882/1000	1.00078	0.548437
unknown TCP/0/0	0	0

Refreshing:
sshd: vm1@pts/6/2882/1000	1.00078	0.548437
unknown TCP/0/0	0	0

Refreshing:
sshd: vm1@pts/6/2882/1000	1.00078	0.548437
unknown TCP/0/0	0	0

Refreshing:
sshd: vm1@pts/6/2882/1000	1.00078	0.548437
unknown TCP/0/0	0	0

Refreshing:
sshd: vm1@pts/6/2882/1000	1.00078	0.548437
unknown TCP/0/0	0	0

Refreshing:
sshd: vm1@pts/6/2882/1000	1.00078	0.548437
unknown TCP/0/0	0	0

Refreshing:
sshd: vm1@pts/6/2882/1000	1.00078	0.548437
unknown TCP/0/0	0	0

Refreshing:
sshd: vm1@pts/6/2882/1000	1.00078	0.548437
unknown TCP/0/0	0	0

Refreshing:
sshd: vm1@pts/6/2882/1000	1.00078	0.548437
unknown TCP/0/0	0	0

Refreshing:
sshd: vm1@pts/6/2882/1000	1.00078	0.548437
unknown TCP/0/0	0	0

Refreshing:
sshd: vm1@pts/6/2882/1000	1.00078	0.548437
unknown TCP/0/0	0	0

Refreshing:
sshd: vm1@pts/6/2882/1000	1.00078	0.548437
unknown TCP/0/0	0	0

Refreshing:
sshd: vm1@pts/6/2882/1000	1.00078	0.548437
unknown TCP/0/0	0	0

Refreshing:
sshd: vm1@pts/6/2882/1000	1.00078	0.548437
unknown TCP/0/0	0	0

Refreshing:
sshd: vm1@pts/6/2882/1000	1.00078	0.548437
unknown TCP/0/0	0	0

Refreshing:
sshd: vm1@pts/6/2882/1000	1.00078	0.548437
unknown TCP/0/0	0	0

Refreshing:
sshd: vm1@pts/6/2882/1000	1.00078	0.548437
unknown TCP/0/0	0	0

Refreshing:
sshd: vm1@pts/6/2882/1000	1.00078	0.548437
unknown TCP/0/0	0	0

Refreshing:
sshd: vm1@pts/6/2882/1000	1.00078	0.548437
unknown TCP/0/0	0	0

Refreshing:
sshd: vm1@pts/6/2882/1000	1.00078	0.548437
unknown TCP/0/0	0	0

Refreshing:
sshd: vm1@pts/6/2882/1000	1.00078	0.548437
unknown TCP/0/0	0	0

Refreshing:
sshd: vm1@pts/6/2882/1000	1.00078	0.548437
unknown TCP/0/0	0	0

Refreshing:
sshd: vm1@pts/6/2882/1000	1.00078	0.548437
unknown TCP/0/0	0	0

Refreshing:
sshd: vm1@pts/6/2882/1000	1.00078	0.548437
unknown TCP/0/0	0	0

Refreshing:
sshd: vm1@pts/6/2882/1000	1.00078	0.548437
unknown TCP/0/0	0	0

Refreshing:
sshd: vm1@pts/6/2882/1000	1.00078	0.548437
unknown TCP/0/0	0	0

Refreshing:
sshd: vm1@pts/6/2882/1000	1.00078	0.548437
unknown TCP/0/0	0	0

Refreshing:
sshd: vm1@pts/6/2882/1000	1.00078	0.548437
unknown TCP/0/0	0	0

Refreshing:
sshd: vm1@pts/6/2882/1000	1.00078	0.548437
unknown TCP/0/0	0	0

Refreshing:
sshd: vm1@pts/6/2882/1000	1.00078	0.548437
unknown TCP/0/0	0	0

Refreshing:
sshd: vm1@pts/6/2882/1000	1.00078	0.548437
unknown TCP/0/0	0	0

Refreshing:
sshd: vm1@pts/6/2882/1000	1.00078	0.548437
unknown TCP/0/0	0	0

Refreshing:
sshd: vm1@pts/6/2882/1000	1.00078	0.548437
unknown TCP/0/0	0	0

Refreshing:
sshd: vm1@pts/6/2882/1000	1.00078	0.548437
unknown TCP/0/0	0	0

Refreshing:
sshd: vm1@pts/6/2882/1000	1.00078	0.548437
unknown TCP/0/0	0	0

Refreshing:
sshd: vm1@pts/6/2882/1000	1.00078	0.548437
unknown TCP/0/0	0	0

Refreshing:
sshd: vm1@pts/6/2882/1000	1.00078	0.548437
unknown TCP/0/0	0	0

Refreshing:
sshd: vm1@pts/6/2882/1000	1.00078	0.548437
unknown TCP/0/0	0	0

Refreshing:
sshd: vm1@pts/6/2882/1000	1.00078	0.548437
unknown TCP/0/0	0	0

Refreshing:
sshd: vm1@pts/6/2882/1000	1.00078	0.548437
unknown TCP/0/0	0	0

Refreshing:
sshd: vm1@pts/6/2882/1000	1.00078	0.548437
unknown TCP/0/0	0	0

Refreshing:
sshd: vm1@pts/6/2882/1000	1.00078	0.548437
unknown TCP/0/0	0	0

Refreshing:
sshd: vm1@pts/6/2882/1000	1.00078	0.548437
unknown TCP/0/0	0	0

Refreshing:
sshd: vm1@pts/6/2882/1000	1.00078	0.548437
unknown TCP/0/0	0	0

Refreshing:
sshd: vm1@pts/6/2882/1000	1.00078	0.548437
unknown TCP/0/0	0	0

Refreshing:
sshd: vm1@pts/6/2882/1000	1.00078	0.548437
unknown TCP/0/0	0	0

Refreshing:
sshd: vm1@pts/6/2882/1000	1.00078	0.548437
unknown TCP/0/0	0	0

Refreshing:
sshd: vm1@pts/6/2882/1000	1.00078	0.548437
unknown TCP/0/0	0	0

Refreshing:
sshd: vm1@pts/6/2882/1000	1.00078	0.548437
unknown TCP/0/0	0	0

Refreshing:
sshd: vm1@pts/6/2882/1000	1.00078	0.548437
unknown TCP/0/0	0	0

Refreshing:
sshd: vm1@pts/6/2882/1000	1.00078	0.548437
unknown TCP/0/0	0	0

Refreshing:
sshd: vm1@pts/6/2882/1000	1.00078	0.548437
unknown TCP/0/0	0	0

Refreshing:
sshd: vm1@pts/6/2882/1000	1.00078	0.548437
unknown TCP/0/0	0	0

Refreshing:
sshd: vm1@pts/6/2882/1000	1.00078	0.548437
unknown TCP/0/0	0	0

Refreshing:
sshd: vm1@pts/6/2882/1000	1.00078	0.548437
unknown TCP/0/0	0	0

Refreshing:
sshd: vm1@pts/6/2882/1000	1.00078	0.548437
unknown TCP/0/0	0	0

Refreshing:
sshd: vm1@pts/6/2882/1000	1.00078	0.548437
unknown TCP/0/0	0	0

Refreshing:
sshd: vm1@pts/6/2882/1000	1.00078	0.548437
unknown TCP/0/0	0	0

Refreshing:
sshd: vm1@pts/6/2882/1000	1.00078	0.548437
unknown TCP/0/0	0	0

Refreshing:
sshd: vm1@pts/6/2882/1000	1.00078	0.548437
unknown TCP/0/0	0	0

Refreshing:
sshd: vm1@pts/6/2882/1000	1.00078	0.548437
unknown TCP/0/0	0	0

Refreshing:
sshd: vm1@pts/6/2882/1000	1.00078	0.548437
unknown TCP/0/0	0	0

Refreshing:
sshd: vm1@pts/6/2882/1000	1.00078	0.548437
unknown TCP/0/0	0	0

Refreshing:
sshd: vm1@pts/6/2882/1000	1.00078	0.548437
unknown TCP/0/0	0	0

Refreshing:
sshd: vm1@pts/6/2882/1000	1.00078	0.548437
unknown TCP/0/0	0	0

Refreshing:
sshd: vm1@pts/6/2882/1000	1.00078	0.548437
unknown TCP/0/0	0	0

Refreshing:
sshd: vm1@pts/6/2882/1000	1.00078	0.548437
unknown TCP/0/0	0	0

Refreshing:
sshd: vm1@pts/6/2882/1000	1.00078	0.548437
unknown TCP/0/0	0	0

Refreshing:
sshd: vm1@pts/6/2882/1000	1.00078	0.548437
unknown TCP/0/0	0	0

Refreshing:
sshd: vm1@pts/6/2882/1000	1.00078	0.548437
unknown TCP/0/0	0	0

Refreshing:
sshd: vm1@pts/6/2882/1000	1.00078	0.548437
unknown TCP/0/0	0	0

Refreshing:
sshd: vm1@pts/6/2882/1000	1.00078	0.548437
unknown TCP/0/0	0	0

Refreshing:
sshd: vm1@pts/6/2882/1000	1.00078	0.548437
unknown TCP/0/0	0	0

Refreshing:
sshd: vm1@pts/6/2882/1000	1.00078	0.548437
unknown TCP/0/0	0	0

Refreshing:
sshd: vm1@pts/6/2882/1000	1.00078	0.548437
unknown TCP/0/0	0	0

Refreshing:
sshd: vm1@pts/6/2882/1000	1.00078	0.548437
unknown TCP/0/0	0	0

Refreshing:
sshd: vm1@pts/6/2882/1000	1.00078	0.548437
unknown TCP/0/0	0	0

Refreshing:
sshd: vm1@pts/6/2882/1000	1.00078	0.548437
unknown TCP/0/0	0	0

Refreshing:
sshd: vm1@pts/6/2882/1000	1.00078	0.548437
unknown TCP/0/0	0	0

Refreshing:
sshd: vm1@pts/6/2882/1000	1.00078	0.548437
unknown TCP/0/0	0	0

Refreshing:
sshd: vm1@pts/6/2882/1000	1.00078	0.548437
unknown TCP/0/0	0	0

Refreshing:
sshd: vm1@pts/6/2882/1000	1.00078	0.548437
unknown TCP/0/0	0	0

Refreshing:
sshd: vm1@pts/6/2882/1000	1.00078	0.548437
unknown TCP/0/0	0	0

Refreshing:
sshd: vm1@pts/6/2882/1000	1.00078	0.548437
unknown TCP/0/0	0	0

Refreshing:
sshd: vm1@pts/6/2882/1000	1.00078	0.548437
unknown TCP/0/0	0	0

Refreshing:
sshd: vm1@pts/6/2882/1000	1.00078	0.548437
unknown TCP/0/0	0	0

Refreshing:
sshd: vm1@pts/6/2882/1000	1.00078	0.548437
unknown TCP/0/0	0	0

Refreshing:
sshd: vm1@pts/6/2882/1000	1.00078	0.548437
unknown TCP/0/0	0	0

Refreshing:
sshd: vm1@pts/6/2882/1000	1.00078	0.548437
unknown TCP/0/0	0	0

Refreshing:
sshd: vm1@pts/6/2882/1000	1.00078	0.548437
unknown TCP/0/0	0	0

Refreshing:
sshd: vm1@pts/6/2882/1000	1.00078	0.548437
unknown TCP/0/0	0	0

Refreshing:
sshd: vm1@pts/6/2882/1000	1.00078	0.548437
unknown TCP/0/0	0	0

Refreshing:
sshd: vm1@pts/6/2882/1000	1.00078	0.548437
unknown TCP/0/0	0	0

Refreshing:
sshd: vm1@pts/6/2882/1000	1.00078	0.548437
unknown TCP/0/0	0	0

Refreshing:
sshd: vm1@pts/6/2882/1000	1.00078	0.548437
unknown TCP/0/0	0	0

Refreshing:
sshd: vm1@pts/6/2882/1000	1.00078	0.548437
unknown TCP/0/0	0	0

Refreshing:
sshd: vm1@pts/6/2882/1000	1.00078	0.548437
unknown TCP/0/0	0	0

Refreshing:
sshd: vm1@pts/6/2882/1000	1.00078	0.548437
unknown TCP/0/0	0	0

Refreshing:
sshd: vm1@pts/6/2882/1000	1.00078	0.548437
unknown TCP/0/0	0	0

Refreshing:
sshd: vm1@pts/6/2882/1000	1.00078	0.548437
unknown TCP/0/0	0	0

Refreshing:
sshd: vm1@pts/6/2882/1000	1.00078	0.548437
unknown TCP/0/0	0	0

Refreshing:
sshd: vm1@pts/6/2882/1000	1.00078	0.548437
unknown TCP/0/0	0	0

Refreshing:
sshd: vm1@pts/6/2882/1000	1.00078	0.548437
unknown TCP/0/0	0	0

Refreshing:
sshd: vm1@pts/6/2882/1000	1.00078	0.548437
unknown TCP/0/0	0	0

Refreshing:
sshd: vm1@pts/6/2882/1000	1.00078	0.548437
unknown TCP/0/0	0	0

Refreshing:
sshd: vm1@pts/6/2882/1000	1.00078	0.548437
unknown TCP/0/0	0	0

Refreshing:
sshd: vm1@pts/6/2882/1000	1.00078	0.548437
unknown TCP/0/0	0	0

Refreshing:
sshd: vm1@pts/6/2882/1000	1.00078	0.548437
unknown TCP/0/0	0	0

Refreshing:
sshd: vm1@pts/6/2882/1000	1.00078	0.548437
unknown TCP/0/0	0	0

Refreshing:
sshd: vm1@pts/6/2882/1000	1.00078	0.548437
unknown TCP/0/0	0	0

Refreshing:
sshd: vm1@pts/6/2882/1000	1.00078	0.548437
unknown TCP/0/0	0	0

Refreshing:
sshd: vm1@pts/6/2882/1000	1.00078	0.548437
unknown TCP/0/0	0	0

Refreshing:
sshd: vm1@pts/6/2882/1000	1.00078	0.548437
unknown TCP/0/0	0	0

Refreshing:
sshd: vm1@pts/6/2882/1000	1.00078	0.548437
unknown TCP/0/0	0	0

Refreshing:
sshd: vm1@pts/6/2882/1000	1.00078	0.548437
unknown TCP/0/0	0	0

Refreshing:
sshd: vm1@pts/6/2882/1000	1.00078	0.548437
unknown TCP/0/0	0	0

Refreshing:
sshd: vm1@pts/6/2882/1000	1.00078	0.548437
unknown TCP/0/0	0	0

Refreshing:
sshd: vm1@pts/6/2882/1000	1.00078	0.548437
unknown TCP/0/0	0	0

Refreshing:
sshd: vm1@pts/6/2882/1000	1.00078	0.548437
unknown TCP/0/0	0	0

Refreshing:
sshd: vm1@pts/6/2882/1000	1.00078	0.548437
unknown TCP/0/0	0	0

Refreshing:
sshd: vm1@pts/6/2882/1000	1.00078	0.548437
unknown TCP/0/0	0	0

Refreshing:
sshd: vm1@pts/6/2882/1000	1.00078	0.548437
unknown TCP/0/0	0	0

Refreshing:
sshd: vm1@pts/6/2882/1000	1.00078	0.548437
unknown TCP/0/0	0	0

Refreshing:
sshd: vm1@pts/6/2882/1000	1.00078	0.548437
unknown TCP/0/0	0	0

Refreshing:
sshd: vm1@pts/6/2882/1000	1.00078	0.548437
unknown TCP/0/0	0	0

Refreshing:
sshd: vm1@pts/6/2882/1000	1.00078	0.548437
unknown TCP/0/0	0	0

Refreshing:
sshd: vm1@pts/6/2882/1000	1.00078	0.548437
unknown TCP/0/0	0	0

Refreshing:
sshd: vm1@pts/6/2882/1000	1.00078	0.548437
unknown TCP/0/0	0	0

Refreshing:
sshd: vm1@pts/6/2882/1000	1.00078	0.548437
unknown TCP/0/0	0	0

Refreshing:
sshd: vm1@pts/6/2882/1000	1.00078	0.548437
unknown TCP/0/0	0	0

Refreshing:
sshd: vm1@pts/6/2882/1000	1.00078	0.548437
unknown TCP/0/0	0	0

Refreshing:
sshd: vm1@pts/6/2882/1000	1.00078	0.548437
unknown TCP/0/0	0	0

Refreshing:
sshd: vm1@pts/6/2882/1000	1.00078	0.548437
unknown TCP/0/0	0	0

Refreshing:
sshd: vm1@pts/6/2882/1000	1.00078	0.548437
unknown TCP/0/0	0	0

Refreshing:
sshd: vm1@pts/6/2882/1000	1.00078	0.548437
unknown TCP/0/0	0	0

Refreshing:
sshd: vm1@pts/6/2882/1000	1.00078	0.548437
unknown TCP/0/0	0	0

Refreshing:
sshd: vm1@pts/6/2882/1000	1.00078	0.548437
unknown TCP/0/0	0	0

Refreshing:
sshd: vm1@pts/6/2882/1000	1.00078	0.548437
unknown TCP/0/0	0	0

Refreshing:
sshd: vm1@pts/6/2882/1000	1.00078	0.548437
unknown TCP/0/0	0	0

Refreshing:
sshd: vm1@pts/6/2882/1000	1.00078	0.548437
unknown TCP/0/0	0	0

Refreshing:
sshd: vm1@pts/6/2882/1000	1.00078	0.548437
unknown TCP/0/0	0	0

Refreshing:
sshd: vm1@pts/6/2882/1000	1.00078	0.548437
unknown TCP/0/0	0	0

Refreshing:
sshd: vm1@pts/6/2882/1000	1.00078	0.548437
unknown TCP/0/0	0	0

Refreshing:
sshd: vm1@pts/6/2882/1000	1.00078	0.548437
unknown TCP/0/0	0	0

Refreshing:
sshd: vm1@pts/6/2882/1000	1.00078	0.548437
unknown TCP/0/0	0	0

Refreshing:
sshd: vm1@pts/6/2882/1000	1.00078	0.548437
unknown TCP/0/0	0	0

Refreshing:
sshd: vm1@pts/6/2882/1000	1.00078	0.548437
unknown TCP/0/0	0	0

Refreshing:
sshd: vm1@pts/6/2882/1000	1.00078	0.548437
unknown TCP/0/0	0	0

Refreshing:
sshd: vm1@pts/6/2882/1000	1.00078	0.548437
unknown TCP/0/0	0	0

Refreshing:
sshd: vm1@pts/6/2882/1000	1.00078	0.548437
unknown TCP/0/0	0	0

Refreshing:
sshd: vm1@pts/6/2882/1000	1.00078	0.548437
unknown TCP/0/0	0	0

Refreshing:
sshd: vm1@pts/6/2882/1000	1.00078	0.548437
unknown TCP/0/0	0	0

Refreshing:
sshd: vm1@pts/6/2882/1000	1.00078	0.548437
unknown TCP/0/0	0	0

Refreshing:
sshd: vm1@pts/6/2882/1000	1.00078	0.548437
unknown TCP/0/0	0	0

Refreshing:
sshd: vm1@pts/6/2882/1000	1.00078	0.548437
unknown TCP/0/0	0	0

Refreshing:
sshd: vm1@pts/6/2882/1000	1.00078	0.548437
unknown TCP/0/0	0	0

Refreshing:
sshd: vm1@pts/6/2882/1000	1.00078	0.548437
unknown TCP/0/0	0	0

Refreshing:
sshd: vm1@pts/6/2882/1000	1.00078	0.548437
unknown TCP/0/0	0	0

Refreshing:
sshd: vm1@pts/6/2882/1000	1.00078	0.548437
unknown TCP/0/0	0	0

Refreshing:
sshd: vm1@pts/6/2882/1000	1.00078	0.548437
unknown TCP/0/0	0	0

Refreshing:
sshd: vm1@pts/6/2882/1000	1.00078	0.548437
unknown TCP/0/0	0	0

Refreshing:
sshd: vm1@pts/6/2882/1000	1.00078	0.548437
unknown TCP/0/0	0	0

Refreshing:
sshd: vm1@pts/6/2882/1000	1.00078	0.548437
unknown TCP/0/0	0	0

Refreshing:
sshd: vm1@pts/6/2882/1000	1.00078	0.548437
unknown TCP/0/0	0	0

Refreshing:
sshd: vm1@pts/6/2882/1000	1.00078	0.548437
unknown TCP/0/0	0	0

Refreshing:
sshd: vm1@pts/6/2882/1000	1.00078	0.548437
unknown TCP/0/0	0	0

Refreshing:
sshd: vm1@pts/6/2882/1000	1.00078	0.548437
unknown TCP/0/0	0	0

Refreshing:
sshd: vm1@pts/6/2882/1000	1.00078	0.548437
unknown TCP/0/0	0	0

Refreshing:
sshd: vm1@pts/6/2882/1000	1.00078	0.548437
unknown TCP/0/0	0	0

Refreshing:
sshd: vm1@pts/6/2882/1000	1.00078	0.548437
unknown TCP/0/0	0	0

Refreshing:
sshd: vm1@pts/6/2882/1000	1.00078	0.548437
unknown TCP/0/0	0	0

Refreshing:
sshd: vm1@pts/6/2882/1000	1.00078	0.548437
unknown TCP/0/0	0	0

Refreshing:
sshd: vm1@pts/6/2882/1000	1.00078	0.548437
unknown TCP/0/0	0	0

Refreshing:
sshd: vm1@pts/6/2882/1000	1.00078	0.548437
unknown TCP/0/0	0	0

Refreshing:
sshd: vm1@pts/6/2882/1000	1.00078	0.548437
unknown TCP/0/0	0	0

Refreshing:
sshd: vm1@pts/6/2882/1000	0.0128906	0.0128906
unknown TCP/0/0	0	0

Refreshing:
sshd: vm1@pts/6/2882/1000	0.0128906	0.0128906
unknown TCP/0/0	0	0

Refreshing:
sshd: vm1@pts/6/2882/1000	0.0128906	0.0128906
unknown TCP/0/0	0	0

Refreshing:
sshd: vm1@pts/6/2882/1000	0.0128906	0.0128906
unknown TCP/0/0	0	0

Refreshing:
sshd: vm1@pts/6/2882/1000	0.0128906	0.0128906
unknown TCP/0/0	0	0

Refreshing:
sshd: vm1@pts/6/2882/1000	0.0128906	0.0128906
unknown TCP/0/0	0	0

Refreshing:
sshd: vm1@pts/6/2882/1000	0.0128906	0.0128906
unknown TCP/0/0	0	0

Refreshing:
sshd: vm1@pts/6/2882/1000	0.0128906	0.0128906
unknown TCP/0/0	0	0

Refreshing:
sshd: vm1@pts/6/2882/1000	0.0128906	0.0128906
unknown TCP/0/0	0	0

Refreshing:
sshd: vm1@pts/6/2882/1000	0.0128906	0.0128906
unknown TCP/0/0	0	0

Refreshing:
sshd: vm1@pts/6/2882/1000	0.0128906	0.0128906
unknown TCP/0/0	0	0

Refreshing:
sshd: vm1@pts/6/2882/1000	0.0128906	0.0128906
unknown TCP/0/0	0	0

Refreshing:
sshd: vm1@pts/6/2882/1000	0.0128906	0.0128906
unknown TCP/0/0	0	0

Refreshing:
sshd: vm1@pts/6/2882/1000	0.0128906	0.0128906
unknown TCP/0/0	0	0

Refreshing:
sshd: vm1@pts/6/2882/1000	0.0128906	0.0128906
unknown TCP/0/0	0	0

Refreshing:
sshd: vm1@pts/6/2882/1000	0.0128906	0.0128906
unknown TCP/0/0	0	0

Refreshing:
sshd: vm1@pts/6/2882/1000	0.0128906	0.0128906
unknown TCP/0/0	0	0

Refreshing:
sshd: vm1@pts/6/2882/1000	0.0128906	0.0128906
unknown TCP/0/0	0	0

Refreshing:
sshd: vm1@pts/6/2882/1000	0.0128906	0.0128906
unknown TCP/0/0	0	0

Refreshing:
sshd: vm1@pts/6/2882/1000	0.0128906	0.0128906
unknown TCP/0/0	0	0

Refreshing:
sshd: vm1@pts/6/2882/1000	0.0128906	0.0128906
unknown TCP/0/0	0	0

Refreshing:
sshd: vm1@pts/6/2882/1000	0.0128906	0.0128906
unknown TCP/0/0	0	0

Refreshing:
sshd: vm1@pts/6/2882/1000	0.0128906	0.0128906
unknown TCP/0/0	0	0

Refreshing:
sshd: vm1@pts/6/2882/1000	0.0128906	0.0128906
unknown TCP/0/0	0	0

Refreshing:
sshd: vm1@pts/6/2882/1000	0.0128906	0.0128906
unknown TCP/0/0	0	0

Refreshing:
sshd: vm1@pts/6/2882/1000	0.0128906	0.0128906
unknown TCP/0/0	0	0

Refreshing:
sshd: vm1@pts/6/2882/1000	0.0128906	0.0128906
unknown TCP/0/0	0	0

Refreshing:
sshd: vm1@pts/6/2882/1000	0.0128906	0.0128906
unknown TCP/0/0	0	0

Refreshing:
sshd: vm1@pts/6/2882/1000	0.0128906	0.0128906
unknown TCP/0/0	0	0

Refreshing:
sshd: vm1@pts/6/2882/1000	0.0128906	0.0128906
unknown TCP/0/0	0	0

Refreshing:
sshd: vm1@pts/6/2882/1000	0.0128906	0.0128906
unknown TCP/0/0	0	0

Refreshing:
sshd: vm1@pts/6/2882/1000	0.0128906	0.0128906
unknown TCP/0/0	0	0

Refreshing:
sshd: vm1@pts/6/2882/1000	0.0128906	0.0128906
unknown TCP/0/0	0	0

Refreshing:
sshd: vm1@pts/6/2882/1000	0.0128906	0.0128906
unknown TCP/0/0	0	0

Refreshing:
sshd: vm1@pts/6/2882/1000	0.0128906	0.0128906
unknown TCP/0/0	0	0

Refreshing:
sshd: vm1@pts/6/2882/1000	0.0128906	0.0128906
unknown TCP/0/0	0	0

Refreshing:
sshd: vm1@pts/6/2882/1000	0.0128906	0.0128906
unknown TCP/0/0	0	0

Refreshing:
sshd: vm1@pts/6/2882/1000	0.0128906	0.0128906
unknown TCP/0/0	0	0

Refreshing:
sshd: vm1@pts/6/2882/1000	0.0128906	0.0128906
unknown TCP/0/0	0	0

Refreshing:
sshd: vm1@pts/6/2882/1000	0.0128906	0.0128906
unknown TCP/0/0	0	0

Refreshing:
sshd: vm1@pts/6/2882/1000	0.0128906	0.0128906
unknown TCP/0/0	0	0

Refreshing:
sshd: vm1@pts/6/2882/1000	0.0128906	0.0128906
unknown TCP/0/0	0	0

Refreshing:
sshd: vm1@pts/6/2882/1000	0.0128906	0.0128906
unknown TCP/0/0	0	0

Refreshing:
sshd: vm1@pts/6/2882/1000	0.0128906	0.0128906
unknown TCP/0/0	0	0

Refreshing:
sshd: vm1@pts/6/2882/1000	0.0128906	0.0128906
unknown TCP/0/0	0	0

Refreshing:
sshd: vm1@pts/6/2882/1000	0.0128906	0.0128906
unknown TCP/0/0	0	0

Refreshing:
sshd: vm1@pts/6/2882/1000	0.0128906	0.0128906
unknown TCP/0/0	0	0

Refreshing:
sshd: vm1@pts/6/2882/1000	0.0128906	0.0128906
unknown TCP/0/0	0	0

Refreshing:
sshd: vm1@pts/6/2882/1000	0.0128906	0.0128906
unknown TCP/0/0	0	0

Refreshing:
sshd: vm1@pts/6/2882/1000	0.0128906	0.0128906
unknown TCP/0/0	0	0

Refreshing:
sshd: vm1@pts/6/2882/1000	0.0128906	0.0128906
unknown TCP/0/0	0	0

Refreshing:
sshd: vm1@pts/6/2882/1000	0.0128906	0.0128906
unknown TCP/0/0	0	0

Refreshing:
sshd: vm1@pts/6/2882/1000	0.0128906	0.0128906
unknown TCP/0/0	0	0

Refreshing:
sshd: vm1@pts/6/2882/1000	0.0128906	0.0128906
unknown TCP/0/0	0	0

Refreshing:
sshd: vm1@pts/6/2882/1000	0.0128906	0.0128906
unknown TCP/0/0	0	0

Refreshing:
sshd: vm1@pts/6/2882/1000	0.0128906	0.0128906
unknown TCP/0/0	0	0

Refreshing:
sshd: vm1@pts/6/2882/1000	0.0128906	0.0128906
unknown TCP/0/0	0	0

Refreshing:
sshd: vm1@pts/6/2882/1000	0.0128906	0.0128906
unknown TCP/0/0	0	0

Refreshing:
sshd: vm1@pts/6/2882/1000	0.0128906	0.0128906
unknown TCP/0/0	0	0

Refreshing:
sshd: vm1@pts/6/2882/1000	0.0128906	0.0128906
unknown TCP/0/0	0	0

Refreshing:
sshd: vm1@pts/6/2882/1000	0.0128906	0.0128906
unknown TCP/0/0	0	0

Refreshing:
sshd: vm1@pts/6/2882/1000	0.0128906	0.0128906
unknown TCP/0/0	0	0

Refreshing:
sshd: vm1@pts/6/2882/1000	0.0128906	0.0128906
unknown TCP/0/0	0	0

Refreshing:
sshd: vm1@pts/6/2882/1000	0.0128906	0.0128906
unknown TCP/0/0	0	0

Refreshing:
sshd: vm1@pts/6/2882/1000	0.0128906	0.0128906
unknown TCP/0/0	0	0

Refreshing:
sshd: vm1@pts/6/2882/1000	0.0128906	0.0128906
unknown TCP/0/0	0	0

Refreshing:
sshd: vm1@pts/6/2882/1000	0.0128906	0.0128906
unknown TCP/0/0	0	0

Refreshing:
sshd: vm1@pts/6/2882/1000	0.0128906	0.0128906
unknown TCP/0/0	0	0

Refreshing:
sshd: vm1@pts/6/2882/1000	0.0128906	0.0128906
unknown TCP/0/0	0	0

Refreshing:
sshd: vm1@pts/6/2882/1000	0.0128906	0.0128906
unknown TCP/0/0	0	0

Refreshing:
sshd: vm1@pts/6/2882/1000	0.0128906	0.0128906
unknown TCP/0/0	0	0

Refreshing:
sshd: vm1@pts/6/2882/1000	0.0128906	0.0128906
unknown TCP/0/0	0	0

Refreshing:
sshd: vm1@pts/6/2882/1000	0.0128906	0.0128906
unknown TCP/0/0	0	0

Refreshing:
sshd: vm1@pts/6/2882/1000	0.0128906	0.0128906
unknown TCP/0/0	0	0

Refreshing:
sshd: vm1@pts/6/2882/1000	0.0128906	0.0128906
unknown TCP/0/0	0	0

Refreshing:
sshd: vm1@pts/6/2882/1000	0.0128906	0.0128906
unknown TCP/0/0	0	0

Refreshing:
sshd: vm1@pts/6/2882/1000	0.0128906	0.0128906
unknown TCP/0/0	0	0

Refreshing:
sshd: vm1@pts/6/2882/1000	0.0128906	0.0128906
unknown TCP/0/0	0	0

Refreshing:
sshd: vm1@pts/6/2882/1000	0.0128906	0.0128906
unknown TCP/0/0	0	0
Adding local address: 192.168.1.53
Adding local address: fe80::a00:27ff:fe91:e405
Ethernet link detected

Refreshing:
unknown TCP/0/0	0	0

Refreshing:
sshd: vm1@pts/6/2882/1000	0.123438	0.0515625
unknown TCP/0/0	0	0

Refreshing:
sshd: vm1@pts/6/2882/1000	0.247266	0.116016
unknown TCP/0/0	0	0

Refreshing:
sshd: vm1@pts/6/2882/1000	0.262109	0.141797
/opt/google/chrome/chrome --type=utility --utility-sub-type=network.mojom.NetworkService --field-trial-handle=8941129149652124570,3358051135495300324,131072 --lang=en-US --service-sandbox-type=network --enable-logging --log-level=0 --use-gl=swiftshader-webgl --headless --enable-crash-reporter --enable-logging --log-level=0 --shared-files=v8_context_snapshot_data:100/8138/1000	0.0964844	0
unknown TCP/0/0	0	0

Refreshing:
sshd: vm1@pts/6/2882/1000	0.674609	0.348047
/opt/google/chrome/chrome --type=utility --utility-sub-type=network.mojom.NetworkService --field-trial-handle=8941129149652124570,3358051135495300324,131072 --lang=en-US --service-sandbox-type=network --enable-logging --log-level=0 --use-gl=swiftshader-webgl --headless --enable-crash-reporter --enable-logging --log-level=0 --shared-files=v8_context_snapshot_data:100/8138/1000	0.122266	0.117188
unknown TCP/0/0	0	0

Refreshing:
sshd: vm1@pts/6/2882/1000	1.01719	0.502734
/opt/google/chrome/chrome --type=utility --utility-sub-type=network.mojom.NetworkService --field-trial-handle=8941129149652124570,3358051135495300324,131072 --lang=en-US --service-sandbox-type=network --enable-logging --log-level=0 --use-gl=swiftshader-webgl --headless --enable-crash-reporter --enable-logging --log-level=0 --shared-files=v8_context_snapshot_data:100/8138/1000	0.122266	0.117188
unknown TCP/0/0	0	0

Refreshing:
sshd: vm1@pts/6/2882/1000	1.13359	0.528516
/opt/google/chrome/chrome --type=utility --utility-sub-type=network.mojom.NetworkService --field-trial-handle=8941129149652124570,3358051135495300324,131072 --lang=en-US --service-sandbox-type=network --enable-logging --log-level=0 --use-gl=swiftshader-webgl --headless --enable-crash-reporter --enable-logging --log-level=0 --shared-files=v8_context_snapshot_data:100/8138/1000	0.122266	0.117188
unknown TCP/0/0	0	0

Refreshing:
sshd: vm1@pts/6/2882/1000	0.955859	0.4125
/opt/google/chrome/chrome --type=utility --utility-sub-type=network.mojom.NetworkService --field-trial-handle=8941129149652124570,3358051135495300324,131072 --lang=en-US --service-sandbox-type=network --enable-logging --log-level=0 --use-gl=swiftshader-webgl --headless --enable-crash-reporter --enable-logging --log-level=0 --shared-files=v8_context_snapshot_data:100/8138/1000	0	0
unknown TCP/0/0	0	0

Refreshing:
sshd: vm1@pts/6/2882/1000	0.466406	0.180469
/opt/google/chrome/chrome --type=utility --utility-sub-type=network.mojom.NetworkService --field-trial-handle=8941129149652124570,3358051135495300324,131072 --lang=en-US --service-sandbox-type=network --enable-logging --log-level=0 --use-gl=swiftshader-webgl --headless --enable-crash-reporter --enable-logging --log-level=0 --shared-files=v8_context_snapshot_data:100/8138/1000	0.122266	0.117188
unknown TCP/0/0	0	0

Refreshing:
sshd: vm1@pts/6/2882/1000	0.644141	0.296484
/opt/google/chrome/chrome --type=utility --utility-sub-type=network.mojom.NetworkService --field-trial-handle=8941129149652124570,3358051135495300324,131072 --lang=en-US --service-sandbox-type=network --enable-logging --log-level=0 --use-gl=swiftshader-webgl --headless --enable-crash-reporter --enable-logging --log-level=0 --shared-files=v8_context_snapshot_data:100/8138/1000	0.122266	0.117188
unknown TCP/0/0	0	0

Refreshing:
sshd: vm1@pts/6/2882/1000	0.920313	0.4125
/opt/google/chrome/chrome --type=utility --utility-sub-type=network.mojom.NetworkService --field-trial-handle=8941129149652124570,3358051135495300324,131072 --lang=en-US --service-sandbox-type=network --enable-logging --log-level=0 --use-gl=swiftshader-webgl --headless --enable-crash-reporter --enable-logging --log-level=0 --shared-files=v8_context_snapshot_data:100/8138/1000	0.122266	0.117188
unknown TCP/0/0	0	0

Refreshing:
sshd: vm1@pts/6/2882/1000	1.16875	0.582812
/opt/google/chrome/chrome --type=utility --utility-sub-type=network.mojom.NetworkService --field-trial-handle=8941129149652124570,3358051135495300324,131072 --lang=en-US --service-sandbox-type=network --enable-logging --log-level=0 --use-gl=swiftshader-webgl --headless --enable-crash-reporter --enable-logging --log-level=0 --shared-files=v8_context_snapshot_data:100/8138/1000	0	0
unknown TCP/0/0	0	0

Refreshing:
sshd: vm1@pts/6/2882/1000	0.996094	0.569922
/opt/google/chrome/chrome --type=utility --utility-sub-type=network.mojom.NetworkService --field-trial-handle=8941129149652124570,3358051135495300324,131072 --lang=en-US --service-sandbox-type=network --enable-logging --log-level=0 --use-gl=swiftshader-webgl --headless --enable-crash-reporter --enable-logging --log-level=0 --shared-files=v8_context_snapshot_data:100/8138/1000	0	0
unknown TCP/0/0	0	0

Refreshing:
sshd: vm1@pts/6/2882/1000	0.735547	0.561328
/opt/google/chrome/chrome --type=utility --utility-sub-type=network.mojom.NetworkService --field-trial-handle=8941129149652124570,3358051135495300324,131072 --lang=en-US --service-sandbox-type=network --enable-logging --log-level=0 --use-gl=swiftshader-webgl --headless --enable-crash-reporter --enable-logging --log-level=0 --shared-files=v8_context_snapshot_data:100/8138/1000	0.122266	0.117188
unknown TCP/0/0	0	0
Adding local address: 192.168.1.53
Adding local address: fe80::a00:27ff:fe91:e405
Ethernet link detected

Refreshing:
unknown TCP/0/0	0	0
